  main.cpp
C:\Users\inthe\Downloads\yonsei-starving-cat\utils\include\GLFW\glfw3.h(3235,1): warning C4819: 현재 코드 페이지(949)에서 표시할 수 없는 문자가 파일에 들어 있습니다. 데이터가 손실되지 않게 하려면 해당 파일을 유니코드 형식으로 저장하십시오.
  (소스 파일 'main.cpp'을(를) 컴파일하는 중)
  
C:\Users\inthe\Downloads\yonsei-starving-cat\utils\include\learnopengl\animation.h(32,31): warning C4244: '=': 'double'에서 'int'(으)로 변환하면서 데이터가 손실될 수 있습니다.
  (소스 파일 'main.cpp'을(를) 컴파일하는 중)
  
C:\Users\inthe\Downloads\yonsei-starving-cat\utils\include\learnopengl\render_text.h(194,33): warning C4838: 'FT_Pos'에서 'GLuint'(으)로의 변환에는 축소 변환이 필요합니다.
  (소스 파일 'main.cpp'을(를) 컴파일하는 중)
  
C:\Users\inthe\Downloads\yonsei-starving-cat\StarvingCat\StarvingCat\main.cpp(173,34): warning C4244: '인수': 'GLdouble'에서 'float'(으)로 변환하면서 데이터가 손실될 수 있습니다.
C:\Users\inthe\Downloads\yonsei-starving-cat\StarvingCat\StarvingCat\main.cpp(255,22): warning C4305: '초기화 중': 'double'에서 'float'(으)로 잘립니다.
C:\Users\inthe\Downloads\yonsei-starving-cat\StarvingCat\StarvingCat\main.cpp(262,32): warning C4244: '=': 'GLdouble'에서 'float'(으)로 변환하면서 데이터가 손실될 수 있습니다.
C:\Users\inthe\Downloads\yonsei-starving-cat\StarvingCat\StarvingCat\main.cpp(281,43): warning C4244: '=': 'double'에서 'GLfloat'(으)로 변환하면서 데이터가 손실될 수 있습니다.
C:\Users\inthe\Downloads\yonsei-starving-cat\StarvingCat\StarvingCat\main.cpp(400,28): warning C4244: '인수': 'double'에서 'float'(으)로 변환하면서 데이터가 손실될 수 있습니다.
C:\Users\inthe\Downloads\yonsei-starving-cat\utils\include\learnopengl\bone.h(96,1): warning C4715: 'Bone::GetPositionIndex': 모든 제어 경로에서 값을 반환하지는 않습니다.
C:\Users\inthe\Downloads\yonsei-starving-cat\utils\include\learnopengl\bone.h(106,1): warning C4715: 'Bone::GetRotationIndex': 모든 제어 경로에서 값을 반환하지는 않습니다.
C:\Users\inthe\Downloads\yonsei-starving-cat\utils\include\learnopengl\bone.h(116,1): warning C4715: 'Bone::GetScaleIndex': 모든 제어 경로에서 값을 반환하지는 않습니다.
LINK : warning LNK4075: '/INCREMENTAL'이(가) '/OPT:REF' 사양으로 인해 무시됩니다.
glad.obj : warning LNK4075: '/EDITANDCONTINUE'이(가) '/OPT:ICF' 사양으로 인해 무시됩니다.
freetype.lib(ftinit.obj) : warning LNK4099: '' PDB를 'freetype.lib(ftinit.obj)' 또는 ''에서 찾을 수 없습니다. 디버그 정보가 없는 것처럼 개체를 링크합니다.
freetype.lib(ftbase.obj) : warning LNK4099: '' PDB를 'freetype.lib(ftbase.obj)' 또는 ''에서 찾을 수 없습니다. 디버그 정보가 없는 것처럼 개체를 링크합니다.
freetype.lib(autofit.obj) : warning LNK4099: '' PDB를 'freetype.lib(autofit.obj)' 또는 ''에서 찾을 수 없습니다. 디버그 정보가 없는 것처럼 개체를 링크합니다.
freetype.lib(truetype.obj) : warning LNK4099: '' PDB를 'freetype.lib(truetype.obj)' 또는 ''에서 찾을 수 없습니다. 디버그 정보가 없는 것처럼 개체를 링크합니다.
freetype.lib(type1.obj) : warning LNK4099: '' PDB를 'freetype.lib(type1.obj)' 또는 ''에서 찾을 수 없습니다. 디버그 정보가 없는 것처럼 개체를 링크합니다.
freetype.lib(cff.obj) : warning LNK4099: '' PDB를 'freetype.lib(cff.obj)' 또는 ''에서 찾을 수 없습니다. 디버그 정보가 없는 것처럼 개체를 링크합니다.
freetype.lib(type1cid.obj) : warning LNK4099: '' PDB를 'freetype.lib(type1cid.obj)' 또는 ''에서 찾을 수 없습니다. 디버그 정보가 없는 것처럼 개체를 링크합니다.
freetype.lib(pfr.obj) : warning LNK4099: '' PDB를 'freetype.lib(pfr.obj)' 또는 ''에서 찾을 수 없습니다. 디버그 정보가 없는 것처럼 개체를 링크합니다.
freetype.lib(type42.obj) : warning LNK4099: '' PDB를 'freetype.lib(type42.obj)' 또는 ''에서 찾을 수 없습니다. 디버그 정보가 없는 것처럼 개체를 링크합니다.
freetype.lib(winfnt.obj) : warning LNK4099: '' PDB를 'freetype.lib(winfnt.obj)' 또는 ''에서 찾을 수 없습니다. 디버그 정보가 없는 것처럼 개체를 링크합니다.
freetype.lib(pcf.obj) : warning LNK4099: '' PDB를 'freetype.lib(pcf.obj)' 또는 ''에서 찾을 수 없습니다. 디버그 정보가 없는 것처럼 개체를 링크합니다.
freetype.lib(bdf.obj) : warning LNK4099: '' PDB를 'freetype.lib(bdf.obj)' 또는 ''에서 찾을 수 없습니다. 디버그 정보가 없는 것처럼 개체를 링크합니다.
freetype.lib(psaux.obj) : warning LNK4099: '' PDB를 'freetype.lib(psaux.obj)' 또는 ''에서 찾을 수 없습니다. 디버그 정보가 없는 것처럼 개체를 링크합니다.
freetype.lib(psmodule.obj) : warning LNK4099: '' PDB를 'freetype.lib(psmodule.obj)' 또는 ''에서 찾을 수 없습니다. 디버그 정보가 없는 것처럼 개체를 링크합니다.
freetype.lib(pshinter.obj) : warning LNK4099: '' PDB를 'freetype.lib(pshinter.obj)' 또는 ''에서 찾을 수 없습니다. 디버그 정보가 없는 것처럼 개체를 링크합니다.
freetype.lib(sfnt.obj) : warning LNK4099: '' PDB를 'freetype.lib(sfnt.obj)' 또는 ''에서 찾을 수 없습니다. 디버그 정보가 없는 것처럼 개체를 링크합니다.
freetype.lib(smooth.obj) : warning LNK4099: '' PDB를 'freetype.lib(smooth.obj)' 또는 ''에서 찾을 수 없습니다. 디버그 정보가 없는 것처럼 개체를 링크합니다.
freetype.lib(raster.obj) : warning LNK4099: '' PDB를 'freetype.lib(raster.obj)' 또는 ''에서 찾을 수 없습니다. 디버그 정보가 없는 것처럼 개체를 링크합니다.
freetype.lib(sdf.obj) : warning LNK4099: '' PDB를 'freetype.lib(sdf.obj)' 또는 ''에서 찾을 수 없습니다. 디버그 정보가 없는 것처럼 개체를 링크합니다.
freetype.lib(svg.obj) : warning LNK4099: '' PDB를 'freetype.lib(svg.obj)' 또는 ''에서 찾을 수 없습니다. 디버그 정보가 없는 것처럼 개체를 링크합니다.
freetype.lib(ftsystem.obj) : warning LNK4099: '' PDB를 'freetype.lib(ftsystem.obj)' 또는 ''에서 찾을 수 없습니다. 디버그 정보가 없는 것처럼 개체를 링크합니다.
freetype.lib(ftmm.obj) : warning LNK4099: '' PDB를 'freetype.lib(ftmm.obj)' 또는 ''에서 찾을 수 없습니다. 디버그 정보가 없는 것처럼 개체를 링크합니다.
freetype.lib(ftgzip.obj) : warning LNK4099: '' PDB를 'freetype.lib(ftgzip.obj)' 또는 ''에서 찾을 수 없습니다. 디버그 정보가 없는 것처럼 개체를 링크합니다.
freetype.lib(ftlzw.obj) : warning LNK4099: '' PDB를 'freetype.lib(ftlzw.obj)' 또는 ''에서 찾을 수 없습니다. 디버그 정보가 없는 것처럼 개체를 링크합니다.
freetype.lib(ftbitmap.obj) : warning LNK4099: '' PDB를 'freetype.lib(ftbitmap.obj)' 또는 ''에서 찾을 수 없습니다. 디버그 정보가 없는 것처럼 개체를 링크합니다.
freetype.lib(ftdebug.obj) : warning LNK4099: '' PDB를 'freetype.lib(ftdebug.obj)' 또는 ''에서 찾을 수 없습니다. 디버그 정보가 없는 것처럼 개체를 링크합니다.
LINK : warning LNK4098: 'LIBCMT' defaultlib가 다른 라이브러리와 충돌합니다. /NODEFAULTLIB:library를 사용하십시오.
LINK : warning LNK4098: 'MSVCRT' defaultlib가 다른 라이브러리와 충돌합니다. /NODEFAULTLIB:library를 사용하십시오.
  StarvingCat.vcxproj -> C:\Users\inthe\Downloads\yonsei-starving-cat\StarvingCat\x64\Debug\StarvingCat.exe
          1개 파일이 복사되었습니다.
